<?xml version="1.0" encoding="UTF-8"?>
<testsuite xmlns:xsi="http://www.w3.org/2001/XMLSchema-instance" xsi:noNamespaceSchemaLocation="https://maven.apache.org/surefire/maven-surefire-plugin/xsd/surefire-test-report.xsd" name="com.project.joan.TestBoard" time="0.018" tests="4" errors="0" skipped="0" failures="0">
  <properties>
    <property name="sun.desktop" value="windows"/>
    <property name="awt.toolkit" value="sun.awt.windows.WToolkit"/>
    <property name="file.encoding.pkg" value="sun.io"/>
    <property name="java.specification.version" value="1.8"/>
    <property name="sun.cpu.isalist" value="amd64"/>
    <property name="sun.jnu.encoding" value="Cp1252"/>
    <property name="java.class.path" value="C:\Users\jdonetrodriguez\Documents\wumpus-master\target\test-classes;C:\Users\jdonetrodriguez\Documents\wumpus-master\target\classes;C:\Users\jdonetrodriguez\.m2\repository\org\junit\jupiter\junit-jupiter-api\5.1.0\junit-jupiter-api-5.1.0.jar;C:\Users\jdonetrodriguez\.m2\repository\org\apiguardian\apiguardian-api\1.0.0\apiguardian-api-1.0.0.jar;C:\Users\jdonetrodriguez\.m2\repository\org\opentest4j\opentest4j\1.0.0\opentest4j-1.0.0.jar;C:\Users\jdonetrodriguez\.m2\repository\org\junit\platform\junit-platform-commons\1.1.0\junit-platform-commons-1.1.0.jar;C:\Users\jdonetrodriguez\.m2\repository\org\junit\jupiter\junit-jupiter-engine\5.1.0\junit-jupiter-engine-5.1.0.jar;C:\Users\jdonetrodriguez\.m2\repository\org\junit\platform\junit-platform-engine\1.1.0\junit-platform-engine-1.1.0.jar;C:\Users\jdonetrodriguez\.m2\repository\org\junit\vintage\junit-vintage-engine\5.1.0\junit-vintage-engine-5.1.0.jar;C:\Users\jdonetrodriguez\.m2\repository\junit\junit\4.12\junit-4.12.jar;C:\Users\jdonetrodriguez\.m2\repository\org\hamcrest\hamcrest-core\1.3\hamcrest-core-1.3.jar;C:\Users\jdonetrodriguez\.m2\repository\org\junit\platform\junit-platform-launcher\1.1.0\junit-platform-launcher-1.1.0.jar;C:\Users\jdonetrodriguez\.m2\repository\org\junit\platform\junit-platform-runner\1.1.0\junit-platform-runner-1.1.0.jar;C:\Users\jdonetrodriguez\.m2\repository\org\junit\platform\junit-platform-suite-api\1.1.0\junit-platform-suite-api-1.1.0.jar;"/>
    <property name="java.vm.vendor" value="Oracle Corporation"/>
    <property name="sun.arch.data.model" value="64"/>
    <property name="user.variant" value=""/>
    <property name="java.vendor.url" value="http://java.oracle.com/"/>
    <property name="user.timezone" value="Europe/Paris"/>
    <property name="java.vm.specification.version" value="1.8"/>
    <property name="os.name" value="Windows 10"/>
    <property name="user.country" value="ES"/>
    <property name="sun.java.launcher" value="SUN_STANDARD"/>
    <property name="sun.boot.library.path" value="C:\JoanD\Tests\Workbench\jdk1.8.0_181\jre\bin"/>
    <property name="sun.java.command" value="C:\Users\JDONET~1\AppData\Local\Temp\surefire4458774211302549486\surefirebooter2538035792887726096.jar C:\Users\jdonetrodriguez\AppData\Local\Temp\surefire4458774211302549486 2018-11-13T19-29-16_368-jvmRun1 surefire6125912450458281732tmp surefire_03399609347783131391tmp"/>
    <property name="surefire.test.class.path" value="C:\Users\jdonetrodriguez\Documents\wumpus-master\target\test-classes;C:\Users\jdonetrodriguez\Documents\wumpus-master\target\classes;C:\Users\jdonetrodriguez\.m2\repository\org\junit\jupiter\junit-jupiter-api\5.1.0\junit-jupiter-api-5.1.0.jar;C:\Users\jdonetrodriguez\.m2\repository\org\apiguardian\apiguardian-api\1.0.0\apiguardian-api-1.0.0.jar;C:\Users\jdonetrodriguez\.m2\repository\org\opentest4j\opentest4j\1.0.0\opentest4j-1.0.0.jar;C:\Users\jdonetrodriguez\.m2\repository\org\junit\platform\junit-platform-commons\1.1.0\junit-platform-commons-1.1.0.jar;C:\Users\jdonetrodriguez\.m2\repository\org\junit\jupiter\junit-jupiter-engine\5.1.0\junit-jupiter-engine-5.1.0.jar;C:\Users\jdonetrodriguez\.m2\repository\org\junit\platform\junit-platform-engine\1.1.0\junit-platform-engine-1.1.0.jar;C:\Users\jdonetrodriguez\.m2\repository\org\junit\vintage\junit-vintage-engine\5.1.0\junit-vintage-engine-5.1.0.jar;C:\Users\jdonetrodriguez\.m2\repository\junit\junit\4.12\junit-4.12.jar;C:\Users\jdonetrodriguez\.m2\repository\org\hamcrest\hamcrest-core\1.3\hamcrest-core-1.3.jar;C:\Users\jdonetrodriguez\.m2\repository\org\junit\platform\junit-platform-launcher\1.1.0\junit-platform-launcher-1.1.0.jar;C:\Users\jdonetrodriguez\.m2\repository\org\junit\platform\junit-platform-runner\1.1.0\junit-platform-runner-1.1.0.jar;C:\Users\jdonetrodriguez\.m2\repository\org\junit\platform\junit-platform-suite-api\1.1.0\junit-platform-suite-api-1.1.0.jar;"/>
    <property name="sun.cpu.endian" value="little"/>
    <property name="user.home" value="C:\Users\jdonetrodriguez"/>
    <property name="user.language" value="es"/>
    <property name="java.specification.vendor" value="Oracle Corporation"/>
    <property name="java.home" value="C:\JoanD\Tests\Workbench\jdk1.8.0_181\jre"/>
    <property name="basedir" value="C:\Users\jdonetrodriguez\Documents\wumpus-master"/>
    <property name="file.separator" value="\"/>
    <property name="line.separator" value="&#10;"/>
    <property name="java.vm.specification.vendor" value="Oracle Corporation"/>
    <property name="java.specification.name" value="Java Platform API Specification"/>
    <property name="java.awt.graphicsenv" value="sun.awt.Win32GraphicsEnvironment"/>
    <property name="surefire.real.class.path" value="C:\Users\JDONET~1\AppData\Local\Temp\surefire4458774211302549486\surefirebooter2538035792887726096.jar"/>
    <property name="sun.boot.class.path" value="C:\JoanD\Tests\Workbench\jdk1.8.0_181\jre\lib\resources.jar;C:\JoanD\Tests\Workbench\jdk1.8.0_181\jre\lib\rt.jar;C:\JoanD\Tests\Workbench\jdk1.8.0_181\jre\lib\sunrsasign.jar;C:\JoanD\Tests\Workbench\jdk1.8.0_181\jre\lib\jsse.jar;C:\JoanD\Tests\Workbench\jdk1.8.0_181\jre\lib\jce.jar;C:\JoanD\Tests\Workbench\jdk1.8.0_181\jre\lib\charsets.jar;C:\JoanD\Tests\Workbench\jdk1.8.0_181\jre\lib\jfr.jar;C:\JoanD\Tests\Workbench\jdk1.8.0_181\jre\classes"/>
    <property name="user.script" value=""/>
    <property name="sun.management.compiler" value="HotSpot 64-Bit Tiered Compilers"/>
    <property name="java.runtime.version" value="1.8.0_181-b13"/>
    <property name="user.name" value="jdonetrodriguez"/>
    <property name="path.separator" value=";"/>
    <property name="os.version" value="10.0"/>
    <property name="java.endorsed.dirs" value="C:\JoanD\Tests\Workbench\jdk1.8.0_181\jre\lib\endorsed"/>
    <property name="java.runtime.name" value="Java(TM) SE Runtime Environment"/>
    <property name="file.encoding" value="Cp1252"/>
    <property name="java.vm.name" value="Java HotSpot(TM) 64-Bit Server VM"/>
    <property name="localRepository" value="C:\Users\jdonetrodriguez\.m2\repository"/>
    <property name="java.vendor.url.bug" value="http://bugreport.sun.com/bugreport/"/>
    <property name="java.io.tmpdir" value="C:\Users\JDONET~1\AppData\Local\Temp\"/>
    <property name="java.version" value="1.8.0_181"/>
    <property name="user.dir" value="C:\Users\jdonetrodriguez\Documents\wumpus-master"/>
    <property name="os.arch" value="amd64"/>
    <property name="java.vm.specification.name" value="Java Virtual Machine Specification"/>
    <property name="java.awt.printerjob" value="sun.awt.windows.WPrinterJob"/>
    <property name="sun.os.patch.level" value=""/>
    <property name="java.library.path" value="C:\JoanD\Tests\Workbench\jdk1.8.0_181\jre\bin;C:\WINDOWS\Sun\Java\bin;C:\WINDOWS\system32;C:\WINDOWS;C:/Program Files/Java/jre1.8.0_181/bin/server;C:/Program Files/Java/jre1.8.0_181/bin;C:/Program Files/Java/jre1.8.0_181/lib/amd64;C:\Program Files (x86)\Common Files\Oracle\Java\javapath;C:\WINDOWS\system32;C:\WINDOWS;C:\WINDOWS\System32\Wbem;C:\WINDOWS\System32\WindowsPowerShell\v1.0\;C:\Program Files\Novell\iPrint;C:\Program Files\TortoiseSVN\bin;C:\JoanD\Batches\TRUNK4.5\bin\Windows;C:\JoanD\Workbench\jdk7u80/bin;C:\JoanD\Workbench\apache-maven-3.5.3/bin;C:\JoanD\Tests\Workbench\eclipse;;."/>
    <property name="java.vm.info" value="mixed mode"/>
    <property name="java.vendor" value="Oracle Corporation"/>
    <property name="java.vm.version" value="25.181-b13"/>
    <property name="java.ext.dirs" value="C:\JoanD\Tests\Workbench\jdk1.8.0_181\jre\lib\ext;C:\WINDOWS\Sun\Java\lib\ext"/>
    <property name="sun.io.unicode.encoding" value="UnicodeLittle"/>
    <property name="java.class.version" value="52.0"/>
  </properties>
  <testcase name="testWhoIs" classname="com.project.joan.TestBoard" time="0.004"/>
  <testcase name="testGetG_boardDimensions" classname="com.project.joan.TestBoard" time="0"/>
  <testcase name="testPossibleGoAhead" classname="com.project.joan.TestBoard" time="0.003"/>
  <testcase name="testIsThere" classname="com.project.joan.TestBoard" time="0.001"/>
</testsuite>